#
# There is insufficient memory for the Java Runtime Environment to continue.
# Native memory allocation (malloc) failed to allocate 1048576 bytes for AllocateHeap
# Possible reasons:
#   The system is out of physical RAM or swap space
#   In 32 bit mode, the process size limit was hit
# Possible solutions:
#   Reduce memory load on the system
#   Increase physical memory or swap space
#   Check if swap backing store is full
#   Use 64 bit Java on a 64 bit OS
#   Decrease Java heap size (-Xmx/-Xms)
#   Decrease number of Java threads
#   Decrease Java thread stack sizes (-Xss)
#   Set larger code cache with -XX:ReservedCodeCacheSize=
# This output file may be truncated or incomplete.
#
#  Out of Memory Error (memory/allocation.inline.hpp:61), pid=25168, tid=0x0000000000005a54
#
# JRE version:  (8.0_144-b01) (build )
# Java VM: Java HotSpot(TM) 64-Bit Server VM (25.144-b01 mixed mode windows-amd64 compressed oops)
# Failed to write core dump. Minidumps are not enabled by default on client versions of Windows
#

---------------  T H R E A D  ---------------

Current thread (0x0000000002cde000):  JavaThread "Unknown thread" [_thread_in_vm, id=23124, stack(0x0000000002b20000,0x0000000002c20000)]

Stack: [0x0000000002b20000,0x0000000002c20000]
[error occurred during error reporting (printing stack bounds), id 0xc0000005]

Native frames: (J=compiled Java code, j=interpreted, Vv=VM code, C=native code)


---------------  P R O C E S S  ---------------

Java Threads: ( => current thread )

Other Threads:

=>0x0000000002cde000 (exited) JavaThread "Unknown thread" [_thread_in_vm, id=23124, stack(0x0000000002b20000,0x0000000002c20000)]

VM state:not at safepoint (normal execution)

VM Mutex/Monitor currently owned by a thread: None

Heap:
 PSYoungGen      total 38400K, used 665K [0x00000000d5c00000, 0x00000000d8680000, 0x0000000100000000)
  eden space 33280K, 2% used [0x00000000d5c00000,0x00000000d5ca6670,0x00000000d7c80000)
  from space 5120K, 0% used [0x00000000d8180000,0x00000000d8180000,0x00000000d8680000)
  to   space 5120K, 0% used [0x00000000d7c80000,0x00000000d7c80000,0x00000000d8180000)
 ParOldGen       total 87552K, used 0K [0x0000000081400000, 0x0000000086980000, 0x00000000d5c00000)
  object space 87552K, 0% used [0x0000000081400000,0x0000000081400000,0x0000000086980000)
 Metaspace       used 770K, capacity 4480K, committed 4480K, reserved 1056768K
  class space    used 75K, capacity 384K, committed 384K, reserved 1048576K

Card table byte_map: [0x00000000121a0000,0x00000000125a0000] byte_map_base: 0x0000000011d96000

Marking Bits: (ParMarkBitMap*) 0x000000006123d850
 Begin Bits: [0x0000000012c50000, 0x0000000014c00000)
 End Bits:   [0x0000000014c00000, 0x0000000016bb0000)

Polling page: 0x0000000001070000

CodeCache: size=245760Kb used=328Kb max_used=328Kb free=245431Kb
 bounds [0x0000000002de0000, 0x0000000003050000, 0x0000000011de0000]
 total_blobs=58 nmethods=0 adapters=38
 compilation: enabled

Compilation events (0 events):
No events

GC Heap History (0 events):
No events

Deoptimization events (0 events):
No events

Internal exceptions (0 events):
No events

Events (10 events):
Event: 0.023 loading class java/lang/Short
Event: 0.023 loading class java/lang/Short done
Event: 0.023 loading class java/lang/Integer
Event: 0.023 loading class java/lang/Integer done
Event: 0.023 loading class java/lang/Long
Event: 0.023 loading class java/lang/Long done
Event: 0.024 loading class java/lang/NullPointerException
Event: 0.024 loading class java/lang/NullPointerException done
Event: 0.024 loading class java/lang/ArithmeticException
Event: 0.024 loading class java/lang/ArithmeticException done


Dynamic libraries:
0x00007ff726fa0000 - 0x00007ff726fd7000 	C:\Program Files\Java\jdk1.8.0_144\bin\javaw.exe
0x00007ffbe2c10000 - 0x00007ffbe2dd2000 	C:\windows\SYSTEM32\ntdll.dll
0x00007ffbe0bc0000 - 0x00007ffbe0c6d000 	C:\windows\system32\KERNEL32.DLL
0x00007ffbe0100000 - 0x00007ffbe02dd000 	C:\windows\system32\KERNELBASE.dll
0x00007ffbe2aa0000 - 0x00007ffbe2b46000 	C:\windows\system32\ADVAPI32.dll
0x00007ffbe1020000 - 0x00007ffbe10bd000 	C:\windows\system32\msvcrt.dll
0x00007ffbe0e10000 - 0x00007ffbe0e6b000 	C:\windows\system32\sechost.dll
0x00007ffbe12c0000 - 0x00007ffbe13e6000 	C:\windows\system32\RPCRT4.dll
0x00007ffbe05c0000 - 0x00007ffbe070e000 	C:\windows\system32\USER32.dll
0x00007ffbe0430000 - 0x00007ffbe05b5000 	C:\windows\system32\GDI32.dll
0x00007ffbd4620000 - 0x00007ffbd4894000 	C:\windows\WinSxS\amd64_microsoft.windows.common-controls_6595b64144ccf1df_6.0.10240.16384_none_f41f7b285750ef43\COMCTL32.dll
0x00007ffbe0d60000 - 0x00007ffbe0d96000 	C:\windows\system32\IMM32.DLL
0x00007ffbe10d0000 - 0x00007ffbe122c000 	C:\windows\system32\MSCTF.dll
0x0000000060790000 - 0x0000000060862000 	C:\Program Files\Java\jdk1.8.0_144\jre\bin\msvcr100.dll
0x0000000060a20000 - 0x00000000612bd000 	C:\Program Files\Java\jdk1.8.0_144\jre\bin\server\jvm.dll
0x00007ffbe0c70000 - 0x00007ffbe0c78000 	C:\windows\system32\PSAPI.DLL
0x00007ffbcdd40000 - 0x00007ffbcdd63000 	C:\windows\SYSTEM32\WINMM.dll
0x00007ffbdd670000 - 0x00007ffbdd679000 	C:\windows\SYSTEM32\WSOCK32.dll
0x00007ffbdf3f0000 - 0x00007ffbdf3fa000 	C:\windows\SYSTEM32\VERSION.dll
0x00007ffbe0da0000 - 0x00007ffbe0e09000 	C:\windows\system32\WS2_32.dll
0x00007ffbe10c0000 - 0x00007ffbe10c8000 	C:\windows\system32\NSI.dll
0x0000000001040000 - 0x000000000106c000 	C:\windows\SYSTEM32\WINMMBASE.dll
0x00007ffbdf6e0000 - 0x00007ffbdf724000 	C:\windows\system32\cfgmgr32.dll
0x00007ffbddeb0000 - 0x00007ffbdded7000 	C:\windows\SYSTEM32\DEVOBJ.dll
0x0000000060930000 - 0x000000006093f000 	C:\Program Files\Java\jdk1.8.0_144\jre\bin\verify.dll
0x0000000060900000 - 0x0000000060929000 	C:\Program Files\Java\jdk1.8.0_144\jre\bin\java.dll
0x00000000608e0000 - 0x00000000608f6000 	C:\Program Files\Java\jdk1.8.0_144\jre\bin\zip.dll

VM Arguments:
jvm_args: -Dfile.encoding=GBK 
java_command: com.talk.app.App
java_class_path (initial): E:\workspace\JavaAPPTest2.0.0\bin;E:\workspace\JavaAPPTest2.0.0\jar\commons-beanutils-1.8.0.jar;E:\workspace\JavaAPPTest2.0.0\jar\commons-codec-1.8.jar;E:\workspace\JavaAPPTest2.0.0\jar\commons-collections-3.2.1.jar;E:\workspace\JavaAPPTest2.0.0\jar\commons-httpclient-3.0.1.jar;E:\workspace\JavaAPPTest2.0.0\jar\commons-lang-2.6.jar;E:\workspace\JavaAPPTest2.0.0\jar\commons-logging-1.1.1.jar;E:\workspace\JavaAPPTest2.0.0\jar\ezmorph-1.0.6.jar;E:\workspace\JavaAPPTest2.0.0\jar\json-lib-2.4-jdk15.jar
Launcher Type: SUN_STANDARD

Environment Variables:
JAVA_HOME=C:\Program Files\Java\jdk1.8.0_144
JRE_HOME=C:\Program Files\Java\jre1.8.0_144
CLASSPATH=C:\Program Files\Java\jdk1.8.0_144\lib;C:\Program Files\Java\jdk1.8.0_144\lib\tools.jar
PATH=C:/Program Files/Java/jdk1.8.0_144/bin/../jre/bin/server;C:/Program Files/Java/jdk1.8.0_144/bin/../jre/bin;C:/Program Files/Java/jdk1.8.0_144/bin/../jre/lib/amd64;C:\Program Files\Java\jdk1.8.0_144\bin;C:\ProgramData\Oracle\Java\javapath;C:\Program Files (x86)\Intel\iCLS Client\;C:\Program Files\Intel\iCLS Client\;C:\windows\system32;C:\windows;C:\windows\System32\Wbem;C:\windows\System32\WindowsPowerShell\v1.0\;C:\Program Files (x86)\Intel\Intel(R) Management Engine Components\DAL;C:\Program Files\Intel\Intel(R) Management Engine Components\DAL;C:\Program Files (x86)\Intel\Intel(R) Management Engine Components\IPT;C:\Program Files\Intel\Intel(R) Management Engine Components\IPT;C:\Program Files\TortoiseSVN\bin;C:\windows\system32\config\systemprofile\.dnx\bin;C:\Program Files\Microsoft DNX\Dnvm\;C:\Program Files (x86)\Windows Kits\8.1\Windows Performance Toolkit\;C:\Program Files\Java\jdk1.8.0_144\jre\bin;E:\android-sdk\platform-tools;E:\android-sdk\tools;E:\Appium\node_modules\.bin\;E:\nodejs;C:\Users\Administrator\AppData\Roaming\npm;E:\Maven\apache-maven-3.3.9\bin;F:\python64;C:\Users\Administrator\AppData\Roaming\npm;C:\Users\Administrator\Desktop;
USERNAME=Administrator
OS=Windows_NT
PROCESSOR_IDENTIFIER=Intel64 Family 6 Model 94 Stepping 3, GenuineIntel



---------------  S Y S T E M  ---------------

OS: Windows 10.0 , 64 bit Build 10240 (10.0.10240.16384)

CPU:total 4 (initial active 4) (4 cores per cpu, 1 threads per core) family 6 model 94 stepping 3, cmov, cx8, fxsr, mmx, sse, sse2, sse3, ssse3, sse4.1, sse4.2, popcnt, avx, avx2, aes, clmul, erms, rtm, 3dnowpref, lzcnt, tsc, tscinvbit, bmi1, bmi2, adx

Memory: 4k page, physical 8304040k(1172884k free), swap 14165836k(6028k free)

vm_info: Java HotSpot(TM) 64-Bit Server VM (25.144-b01) for windows-amd64 JRE (1.8.0_144-b01), built on Jul 21 2017 21:57:33 by "java_re" with MS VC++ 10.0 (VS2010)

time: Sat Nov 25 08:42:35 2017
elapsed time: 0 seconds (0d 0h 0m 0s)

